<?xml version="1.0" encoding="UTF-8"?>
<testsuite xmlns:xsi="http://www.w3.org/2001/XMLSchema-instance" xsi:noNamespaceSchemaLocation="https://maven.apache.org/surefire/maven-surefire-plugin/xsd/surefire-test-report.xsd" name="wethinkcode.places.PlaceNameServiceTest" time="0.039" tests="1" errors="0" skipped="0" failures="0">
  <properties>
    <property name="java.specification.version" value="23"/>
    <property name="sun.jnu.encoding" value="UTF-8"/>
    <property name="java.class.path" value="/Users/zanethemba/Downloads/loadshed-project-3/places/target/test-classes:/Users/zanethemba/Downloads/loadshed-project-3/places/target/classes:/Users/zanethemba/.m2/repository/io/javalin/javalin/5.0.1/javalin-5.0.1.jar:/Users/zanethemba/.m2/repository/org/slf4j/slf4j-api/1.7.36/slf4j-api-1.7.36.jar:/Users/zanethemba/.m2/repository/org/eclipse/jetty/jetty-server/11.0.12/jetty-server-11.0.12.jar:/Users/zanethemba/.m2/repository/org/eclipse/jetty/toolchain/jetty-jakarta-servlet-api/5.0.2/jetty-jakarta-servlet-api-5.0.2.jar:/Users/zanethemba/.m2/repository/org/eclipse/jetty/jetty-http/11.0.12/jetty-http-11.0.12.jar:/Users/zanethemba/.m2/repository/org/eclipse/jetty/jetty-util/11.0.12/jetty-util-11.0.12.jar:/Users/zanethemba/.m2/repository/org/eclipse/jetty/jetty-io/11.0.12/jetty-io-11.0.12.jar:/Users/zanethemba/.m2/repository/org/eclipse/jetty/jetty-webapp/11.0.12/jetty-webapp-11.0.12.jar:/Users/zanethemba/.m2/repository/org/eclipse/jetty/jetty-servlet/11.0.12/jetty-servlet-11.0.12.jar:/Users/zanethemba/.m2/repository/org/eclipse/jetty/jetty-security/11.0.12/jetty-security-11.0.12.jar:/Users/zanethemba/.m2/repository/org/eclipse/jetty/jetty-xml/11.0.12/jetty-xml-11.0.12.jar:/Users/zanethemba/.m2/repository/org/eclipse/jetty/websocket/websocket-jetty-server/11.0.12/websocket-jetty-server-11.0.12.jar:/Users/zanethemba/.m2/repository/org/eclipse/jetty/websocket/websocket-jetty-common/11.0.12/websocket-jetty-common-11.0.12.jar:/Users/zanethemba/.m2/repository/org/eclipse/jetty/websocket/websocket-core-common/11.0.12/websocket-core-common-11.0.12.jar:/Users/zanethemba/.m2/repository/org/eclipse/jetty/websocket/websocket-servlet/11.0.12/websocket-servlet-11.0.12.jar:/Users/zanethemba/.m2/repository/org/eclipse/jetty/websocket/websocket-core-server/11.0.12/websocket-core-server-11.0.12.jar:/Users/zanethemba/.m2/repository/org/eclipse/jetty/jetty-annotations/11.0.12/jetty-annotations-11.0.12.jar:/Users/zanethemba/.m2/repository/org/eclipse/jetty/jetty-plus/11.0.12/jetty-plus-11.0.12.jar:/Users/zanethemba/.m2/repository/jakarta/transaction/jakarta.transaction-api/2.0.0/jakarta.transaction-api-2.0.0.jar:/Users/zanethemba/.m2/repository/org/eclipse/jetty/jetty-jndi/11.0.12/jetty-jndi-11.0.12.jar:/Users/zanethemba/.m2/repository/jakarta/annotation/jakarta.annotation-api/2.1.1/jakarta.annotation-api-2.1.1.jar:/Users/zanethemba/.m2/repository/org/ow2/asm/asm/9.3/asm-9.3.jar:/Users/zanethemba/.m2/repository/org/ow2/asm/asm-commons/9.3/asm-commons-9.3.jar:/Users/zanethemba/.m2/repository/org/ow2/asm/asm-tree/9.3/asm-tree-9.3.jar:/Users/zanethemba/.m2/repository/org/ow2/asm/asm-analysis/9.3/asm-analysis-9.3.jar:/Users/zanethemba/.m2/repository/org/eclipse/jetty/websocket/websocket-jetty-api/11.0.12/websocket-jetty-api-11.0.12.jar:/Users/zanethemba/.m2/repository/org/jetbrains/kotlin/kotlin-stdlib-jdk8/1.7.10/kotlin-stdlib-jdk8-1.7.10.jar:/Users/zanethemba/.m2/repository/org/jetbrains/kotlin/kotlin-stdlib/1.7.10/kotlin-stdlib-1.7.10.jar:/Users/zanethemba/.m2/repository/org/jetbrains/kotlin/kotlin-stdlib-common/1.7.10/kotlin-stdlib-common-1.7.10.jar:/Users/zanethemba/.m2/repository/org/jetbrains/annotations/13.0/annotations-13.0.jar:/Users/zanethemba/.m2/repository/org/jetbrains/kotlin/kotlin-stdlib-jdk7/1.7.10/kotlin-stdlib-jdk7-1.7.10.jar:/Users/zanethemba/.m2/repository/org/apache/commons/commons-csv/1.8/commons-csv-1.8.jar:/Users/zanethemba/.m2/repository/info/picocli/picocli/4.6.3/picocli-4.6.3.jar:/Users/zanethemba/.m2/repository/com/konghq/unirest-java/3.13.10/unirest-java-3.13.10-standalone.jar:/Users/zanethemba/.m2/repository/org/apache/httpcomponents/httpclient/4.5.13/httpclient-4.5.13.jar:/Users/zanethemba/.m2/repository/org/apache/httpcomponents/httpcore/4.4.13/httpcore-4.4.13.jar:/Users/zanethemba/.m2/repository/commons-logging/commons-logging/1.2/commons-logging-1.2.jar:/Users/zanethemba/.m2/repository/org/apache/httpcomponents/httpmime/4.5.13/httpmime-4.5.13.jar:/Users/zanethemba/.m2/repository/org/apache/httpcomponents/httpcore-nio/4.4.13/httpcore-nio-4.4.13.jar:/Users/zanethemba/.m2/repository/org/apache/httpcomponents/httpasyncclient/4.1.5/httpasyncclient-4.1.5.jar:/Users/zanethemba/.m2/repository/commons-codec/commons-codec/1.15/commons-codec-1.15.jar:/Users/zanethemba/.m2/repository/com/google/code/gson/gson/2.9.0/gson-2.9.0.jar:/Users/zanethemba/.m2/repository/com/fasterxml/jackson/core/jackson-databind/2.13.3/jackson-databind-2.13.3.jar:/Users/zanethemba/.m2/repository/com/fasterxml/jackson/core/jackson-annotations/2.13.3/jackson-annotations-2.13.3.jar:/Users/zanethemba/.m2/repository/com/fasterxml/jackson/core/jackson-core/2.13.3/jackson-core-2.13.3.jar:/Users/zanethemba/.m2/repository/org/slf4j/slf4j-simple/1.7.36/slf4j-simple-1.7.36.jar:/Users/zanethemba/.m2/repository/com/google/guava/guava/31.1-jre/guava-31.1-jre.jar:/Users/zanethemba/.m2/repository/com/google/guava/failureaccess/1.0.1/failureaccess-1.0.1.jar:/Users/zanethemba/.m2/repository/com/google/guava/listenablefuture/9999.0-empty-to-avoid-conflict-with-guava/listenablefuture-9999.0-empty-to-avoid-conflict-with-guava.jar:/Users/zanethemba/.m2/repository/com/google/code/findbugs/jsr305/3.0.2/jsr305-3.0.2.jar:/Users/zanethemba/.m2/repository/org/checkerframework/checker-qual/3.12.0/checker-qual-3.12.0.jar:/Users/zanethemba/.m2/repository/com/google/errorprone/error_prone_annotations/2.11.0/error_prone_annotations-2.11.0.jar:/Users/zanethemba/.m2/repository/com/google/j2objc/j2objc-annotations/1.3/j2objc-annotations-1.3.jar:/Users/zanethemba/.m2/repository/org/junit/jupiter/junit-jupiter-engine/5.4.0/junit-jupiter-engine-5.4.0.jar:/Users/zanethemba/.m2/repository/org/apiguardian/apiguardian-api/1.0.0/apiguardian-api-1.0.0.jar:/Users/zanethemba/.m2/repository/org/junit/platform/junit-platform-engine/1.4.0/junit-platform-engine-1.4.0.jar:/Users/zanethemba/.m2/repository/org/opentest4j/opentest4j/1.1.1/opentest4j-1.1.1.jar:/Users/zanethemba/.m2/repository/org/junit/platform/junit-platform-commons/1.4.0/junit-platform-commons-1.4.0.jar:/Users/zanethemba/.m2/repository/org/junit/jupiter/junit-jupiter-api/5.4.0/junit-jupiter-api-5.4.0.jar:/Users/zanethemba/.m2/repository/org/assertj/assertj-core/3.23.1/assertj-core-3.23.1.jar:/Users/zanethemba/.m2/repository/net/bytebuddy/byte-buddy/1.12.10/byte-buddy-1.12.10.jar:"/>
    <property name="java.vm.vendor" value="Homebrew"/>
    <property name="sun.arch.data.model" value="64"/>
    <property name="java.vendor.url" value="https://github.com/Homebrew/homebrew-core/issues"/>
    <property name="os.name" value="Mac OS X"/>
    <property name="java.vm.specification.version" value="23"/>
    <property name="sun.java.launcher" value="SUN_STANDARD"/>
    <property name="user.country" value="ZA"/>
    <property name="sun.boot.library.path" value="/opt/homebrew/Cellar/openjdk/23.0.1/libexec/openjdk.jdk/Contents/Home/lib"/>
    <property name="sun.java.command" value="/Users/zanethemba/Downloads/loadshed-project-3/places/target/surefire/surefirebooter3427487098482253313.jar /Users/zanethemba/Downloads/loadshed-project-3/places/target/surefire 2024-12-03T17-10-25_407-jvmRun1 surefire16087878087330770573tmp surefire_04443407210502794459tmp"/>
    <property name="http.nonProxyHosts" value="local|*.local|169.254/16|*.169.254/16"/>
    <property name="jdk.debug" value="release"/>
    <property name="surefire.test.class.path" value="/Users/zanethemba/Downloads/loadshed-project-3/places/target/test-classes:/Users/zanethemba/Downloads/loadshed-project-3/places/target/classes:/Users/zanethemba/.m2/repository/io/javalin/javalin/5.0.1/javalin-5.0.1.jar:/Users/zanethemba/.m2/repository/org/slf4j/slf4j-api/1.7.36/slf4j-api-1.7.36.jar:/Users/zanethemba/.m2/repository/org/eclipse/jetty/jetty-server/11.0.12/jetty-server-11.0.12.jar:/Users/zanethemba/.m2/repository/org/eclipse/jetty/toolchain/jetty-jakarta-servlet-api/5.0.2/jetty-jakarta-servlet-api-5.0.2.jar:/Users/zanethemba/.m2/repository/org/eclipse/jetty/jetty-http/11.0.12/jetty-http-11.0.12.jar:/Users/zanethemba/.m2/repository/org/eclipse/jetty/jetty-util/11.0.12/jetty-util-11.0.12.jar:/Users/zanethemba/.m2/repository/org/eclipse/jetty/jetty-io/11.0.12/jetty-io-11.0.12.jar:/Users/zanethemba/.m2/repository/org/eclipse/jetty/jetty-webapp/11.0.12/jetty-webapp-11.0.12.jar:/Users/zanethemba/.m2/repository/org/eclipse/jetty/jetty-servlet/11.0.12/jetty-servlet-11.0.12.jar:/Users/zanethemba/.m2/repository/org/eclipse/jetty/jetty-security/11.0.12/jetty-security-11.0.12.jar:/Users/zanethemba/.m2/repository/org/eclipse/jetty/jetty-xml/11.0.12/jetty-xml-11.0.12.jar:/Users/zanethemba/.m2/repository/org/eclipse/jetty/websocket/websocket-jetty-server/11.0.12/websocket-jetty-server-11.0.12.jar:/Users/zanethemba/.m2/repository/org/eclipse/jetty/websocket/websocket-jetty-common/11.0.12/websocket-jetty-common-11.0.12.jar:/Users/zanethemba/.m2/repository/org/eclipse/jetty/websocket/websocket-core-common/11.0.12/websocket-core-common-11.0.12.jar:/Users/zanethemba/.m2/repository/org/eclipse/jetty/websocket/websocket-servlet/11.0.12/websocket-servlet-11.0.12.jar:/Users/zanethemba/.m2/repository/org/eclipse/jetty/websocket/websocket-core-server/11.0.12/websocket-core-server-11.0.12.jar:/Users/zanethemba/.m2/repository/org/eclipse/jetty/jetty-annotations/11.0.12/jetty-annotations-11.0.12.jar:/Users/zanethemba/.m2/repository/org/eclipse/jetty/jetty-plus/11.0.12/jetty-plus-11.0.12.jar:/Users/zanethemba/.m2/repository/jakarta/transaction/jakarta.transaction-api/2.0.0/jakarta.transaction-api-2.0.0.jar:/Users/zanethemba/.m2/repository/org/eclipse/jetty/jetty-jndi/11.0.12/jetty-jndi-11.0.12.jar:/Users/zanethemba/.m2/repository/jakarta/annotation/jakarta.annotation-api/2.1.1/jakarta.annotation-api-2.1.1.jar:/Users/zanethemba/.m2/repository/org/ow2/asm/asm/9.3/asm-9.3.jar:/Users/zanethemba/.m2/repository/org/ow2/asm/asm-commons/9.3/asm-commons-9.3.jar:/Users/zanethemba/.m2/repository/org/ow2/asm/asm-tree/9.3/asm-tree-9.3.jar:/Users/zanethemba/.m2/repository/org/ow2/asm/asm-analysis/9.3/asm-analysis-9.3.jar:/Users/zanethemba/.m2/repository/org/eclipse/jetty/websocket/websocket-jetty-api/11.0.12/websocket-jetty-api-11.0.12.jar:/Users/zanethemba/.m2/repository/org/jetbrains/kotlin/kotlin-stdlib-jdk8/1.7.10/kotlin-stdlib-jdk8-1.7.10.jar:/Users/zanethemba/.m2/repository/org/jetbrains/kotlin/kotlin-stdlib/1.7.10/kotlin-stdlib-1.7.10.jar:/Users/zanethemba/.m2/repository/org/jetbrains/kotlin/kotlin-stdlib-common/1.7.10/kotlin-stdlib-common-1.7.10.jar:/Users/zanethemba/.m2/repository/org/jetbrains/annotations/13.0/annotations-13.0.jar:/Users/zanethemba/.m2/repository/org/jetbrains/kotlin/kotlin-stdlib-jdk7/1.7.10/kotlin-stdlib-jdk7-1.7.10.jar:/Users/zanethemba/.m2/repository/org/apache/commons/commons-csv/1.8/commons-csv-1.8.jar:/Users/zanethemba/.m2/repository/info/picocli/picocli/4.6.3/picocli-4.6.3.jar:/Users/zanethemba/.m2/repository/com/konghq/unirest-java/3.13.10/unirest-java-3.13.10-standalone.jar:/Users/zanethemba/.m2/repository/org/apache/httpcomponents/httpclient/4.5.13/httpclient-4.5.13.jar:/Users/zanethemba/.m2/repository/org/apache/httpcomponents/httpcore/4.4.13/httpcore-4.4.13.jar:/Users/zanethemba/.m2/repository/commons-logging/commons-logging/1.2/commons-logging-1.2.jar:/Users/zanethemba/.m2/repository/org/apache/httpcomponents/httpmime/4.5.13/httpmime-4.5.13.jar:/Users/zanethemba/.m2/repository/org/apache/httpcomponents/httpcore-nio/4.4.13/httpcore-nio-4.4.13.jar:/Users/zanethemba/.m2/repository/org/apache/httpcomponents/httpasyncclient/4.1.5/httpasyncclient-4.1.5.jar:/Users/zanethemba/.m2/repository/commons-codec/commons-codec/1.15/commons-codec-1.15.jar:/Users/zanethemba/.m2/repository/com/google/code/gson/gson/2.9.0/gson-2.9.0.jar:/Users/zanethemba/.m2/repository/com/fasterxml/jackson/core/jackson-databind/2.13.3/jackson-databind-2.13.3.jar:/Users/zanethemba/.m2/repository/com/fasterxml/jackson/core/jackson-annotations/2.13.3/jackson-annotations-2.13.3.jar:/Users/zanethemba/.m2/repository/com/fasterxml/jackson/core/jackson-core/2.13.3/jackson-core-2.13.3.jar:/Users/zanethemba/.m2/repository/org/slf4j/slf4j-simple/1.7.36/slf4j-simple-1.7.36.jar:/Users/zanethemba/.m2/repository/com/google/guava/guava/31.1-jre/guava-31.1-jre.jar:/Users/zanethemba/.m2/repository/com/google/guava/failureaccess/1.0.1/failureaccess-1.0.1.jar:/Users/zanethemba/.m2/repository/com/google/guava/listenablefuture/9999.0-empty-to-avoid-conflict-with-guava/listenablefuture-9999.0-empty-to-avoid-conflict-with-guava.jar:/Users/zanethemba/.m2/repository/com/google/code/findbugs/jsr305/3.0.2/jsr305-3.0.2.jar:/Users/zanethemba/.m2/repository/org/checkerframework/checker-qual/3.12.0/checker-qual-3.12.0.jar:/Users/zanethemba/.m2/repository/com/google/errorprone/error_prone_annotations/2.11.0/error_prone_annotations-2.11.0.jar:/Users/zanethemba/.m2/repository/com/google/j2objc/j2objc-annotations/1.3/j2objc-annotations-1.3.jar:/Users/zanethemba/.m2/repository/org/junit/jupiter/junit-jupiter-engine/5.4.0/junit-jupiter-engine-5.4.0.jar:/Users/zanethemba/.m2/repository/org/apiguardian/apiguardian-api/1.0.0/apiguardian-api-1.0.0.jar:/Users/zanethemba/.m2/repository/org/junit/platform/junit-platform-engine/1.4.0/junit-platform-engine-1.4.0.jar:/Users/zanethemba/.m2/repository/org/opentest4j/opentest4j/1.1.1/opentest4j-1.1.1.jar:/Users/zanethemba/.m2/repository/org/junit/platform/junit-platform-commons/1.4.0/junit-platform-commons-1.4.0.jar:/Users/zanethemba/.m2/repository/org/junit/jupiter/junit-jupiter-api/5.4.0/junit-jupiter-api-5.4.0.jar:/Users/zanethemba/.m2/repository/org/assertj/assertj-core/3.23.1/assertj-core-3.23.1.jar:/Users/zanethemba/.m2/repository/net/bytebuddy/byte-buddy/1.12.10/byte-buddy-1.12.10.jar:"/>
    <property name="sun.cpu.endian" value="little"/>
    <property name="user.home" value="/Users/zanethemba"/>
    <property name="user.language" value="en"/>
    <property name="java.specification.vendor" value="Oracle Corporation"/>
    <property name="java.version.date" value="2024-10-15"/>
    <property name="java.home" value="/opt/homebrew/Cellar/openjdk/23.0.1/libexec/openjdk.jdk/Contents/Home"/>
    <property name="file.separator" value="/"/>
    <property name="basedir" value="/Users/zanethemba/Downloads/loadshed-project-3/places"/>
    <property name="java.vm.compressedOopsMode" value="Zero based"/>
    <property name="line.separator" value="&#10;"/>
    <property name="java.vm.specification.vendor" value="Oracle Corporation"/>
    <property name="java.specification.name" value="Java Platform API Specification"/>
    <property name="apple.awt.application.name" value="ForkedBooter"/>
    <property name="surefire.real.class.path" value="/Users/zanethemba/Downloads/loadshed-project-3/places/target/surefire/surefirebooter3427487098482253313.jar"/>
    <property name="sun.management.compiler" value="HotSpot 64-Bit Tiered Compilers"/>
    <property name="ftp.nonProxyHosts" value="local|*.local|169.254/16|*.169.254/16"/>
    <property name="java.runtime.version" value="23.0.1"/>
    <property name="user.name" value="zanethemba"/>
    <property name="stdout.encoding" value="UTF-8"/>
    <property name="path.separator" value=":"/>
    <property name="os.version" value="15.1.1"/>
    <property name="java.runtime.name" value="OpenJDK Runtime Environment"/>
    <property name="file.encoding" value="UTF-8"/>
    <property name="java.vm.name" value="OpenJDK 64-Bit Server VM"/>
    <property name="java.vendor.version" value="Homebrew"/>
    <property name="localRepository" value="/Users/zanethemba/.m2/repository"/>
    <property name="java.vendor.url.bug" value="https://github.com/Homebrew/homebrew-core/issues"/>
    <property name="java.io.tmpdir" value="/var/folders/4y/_kbg58214d9d8h4tsd9ntt700000gp/T/"/>
    <property name="java.version" value="23.0.1"/>
    <property name="user.dir" value="/Users/zanethemba/Downloads/loadshed-project-3/places"/>
    <property name="os.arch" value="aarch64"/>
    <property name="java.vm.specification.name" value="Java Virtual Machine Specification"/>
    <property name="native.encoding" value="UTF-8"/>
    <property name="java.library.path" value="/Users/zanethemba/Library/Java/Extensions:/Library/Java/Extensions:/Network/Library/Java/Extensions:/System/Library/Java/Extensions:/usr/lib/java:."/>
    <property name="java.vm.info" value="mixed mode, sharing"/>
    <property name="stderr.encoding" value="UTF-8"/>
    <property name="java.vendor" value="Homebrew"/>
    <property name="java.vm.version" value="23.0.1"/>
    <property name="sun.io.unicode.encoding" value="UnicodeBig"/>
    <property name="socksNonProxyHosts" value="local|*.local|169.254/16|*.169.254/16"/>
    <property name="java.class.version" value="67.0"/>
  </properties>
  <testcase name="getACsvFileIntoTheServer" classname="wethinkcode.places.PlaceNameServiceTest" time="0.039"/>
</testsuite>